  GameSet.cpp
c:\users\xavier\projects\c++\win32\chessv2\libraries\headers\moves\factories\pawnmovefactory.h(34): warning C4114: same type qualifier used more than once
c:\users\xavier\projects\c++\win32\chessv2\libraries\headers\moves\factories\pawnmovefactory.h(35): warning C4114: same type qualifier used more than once
c:\users\xavier\projects\c++\win32\chessv2\libraries\headers\moves\factories\rookmovefactory.h(51): warning C4114: same type qualifier used more than once
c:\users\xavier\projects\c++\win32\chessv2\libraries\headers\moves\factories\rookmovefactory.h(52): warning C4114: same type qualifier used more than once
c:\users\xavier\projects\c++\win32\chessv2\libraries\headers\moves\factories\rookmovefactory.h(53): warning C4114: same type qualifier used more than once
c:\users\xavier\projects\c++\win32\chessv2\libraries\headers\moves\factories\rookmovefactory.h(54): warning C4114: same type qualifier used more than once
c:\users\xavier\projects\c++\win32\chessv2\libraries\headers\moves\factories\bishopmovefactory.h(51): warning C4114: same type qualifier used more than once
c:\users\xavier\projects\c++\win32\chessv2\libraries\headers\moves\factories\bishopmovefactory.h(52): warning C4114: same type qualifier used more than once
c:\users\xavier\projects\c++\win32\chessv2\libraries\headers\moves\factories\bishopmovefactory.h(53): warning C4114: same type qualifier used more than once
c:\users\xavier\projects\c++\win32\chessv2\libraries\headers\moves\factories\bishopmovefactory.h(54): warning C4114: same type qualifier used more than once
c:\users\xavier\projects\c++\win32\chessv2\libraries\headers\moves\factories\knightmovefactory.h(24): warning C4114: same type qualifier used more than once
c:\users\xavier\projects\c++\win32\chessv2\libraries\headers\moves\factories\queenmovefactory.h(81): warning C4114: same type qualifier used more than once
c:\users\xavier\projects\c++\win32\chessv2\libraries\headers\moves\factories\queenmovefactory.h(82): warning C4114: same type qualifier used more than once
c:\users\xavier\projects\c++\win32\chessv2\libraries\headers\moves\factories\queenmovefactory.h(83): warning C4114: same type qualifier used more than once
c:\users\xavier\projects\c++\win32\chessv2\libraries\headers\moves\factories\queenmovefactory.h(84): warning C4114: same type qualifier used more than once
c:\users\xavier\projects\c++\win32\chessv2\libraries\headers\moves\factories\queenmovefactory.h(85): warning C4114: same type qualifier used more than once
c:\users\xavier\projects\c++\win32\chessv2\libraries\headers\moves\factories\queenmovefactory.h(86): warning C4114: same type qualifier used more than once
c:\users\xavier\projects\c++\win32\chessv2\libraries\headers\moves\factories\queenmovefactory.h(87): warning C4114: same type qualifier used more than once
c:\users\xavier\projects\c++\win32\chessv2\libraries\headers\moves\factories\queenmovefactory.h(88): warning C4114: same type qualifier used more than once
c:\users\xavier\projects\c++\win32\chessv2\libraries\headers\moves\factories\kingmovefactory.h(24): warning C4114: same type qualifier used more than once
GameSet.obj : warning LNK4221: This object file does not define any previously undefined public symbols, so it will not be used by any link operation that consumes this library
  Libraries.vcxproj -> C:\Users\Xavier\Projects\C++\win32\ChessV2\x64\Debug\Libraries.lib
