  GameUI.cpp
c:\users\xavier\projects\c++\win32\chessv2\libraries\headers\moves\factories\PawnMoveFactory.h(34): warning C4114: same type qualifier used more than once
c:\users\xavier\projects\c++\win32\chessv2\libraries\headers\moves\factories\PawnMoveFactory.h(35): warning C4114: same type qualifier used more than once
c:\users\xavier\projects\c++\win32\chessv2\libraries\headers\moves\factories\RookMoveFactory.h(51): warning C4114: same type qualifier used more than once
c:\users\xavier\projects\c++\win32\chessv2\libraries\headers\moves\factories\RookMoveFactory.h(52): warning C4114: same type qualifier used more than once
c:\users\xavier\projects\c++\win32\chessv2\libraries\headers\moves\factories\RookMoveFactory.h(53): warning C4114: same type qualifier used more than once
c:\users\xavier\projects\c++\win32\chessv2\libraries\headers\moves\factories\RookMoveFactory.h(54): warning C4114: same type qualifier used more than once
c:\users\xavier\projects\c++\win32\chessv2\libraries\headers\moves\factories\BishopMoveFactory.h(51): warning C4114: same type qualifier used more than once
c:\users\xavier\projects\c++\win32\chessv2\libraries\headers\moves\factories\BishopMoveFactory.h(52): warning C4114: same type qualifier used more than once
c:\users\xavier\projects\c++\win32\chessv2\libraries\headers\moves\factories\BishopMoveFactory.h(53): warning C4114: same type qualifier used more than once
c:\users\xavier\projects\c++\win32\chessv2\libraries\headers\moves\factories\BishopMoveFactory.h(54): warning C4114: same type qualifier used more than once
c:\users\xavier\projects\c++\win32\chessv2\libraries\headers\moves\factories\KnightMoveFactory.h(24): warning C4114: same type qualifier used more than once
c:\users\xavier\projects\c++\win32\chessv2\libraries\headers\moves\factories\QueenMoveFactory.h(81): warning C4114: same type qualifier used more than once
c:\users\xavier\projects\c++\win32\chessv2\libraries\headers\moves\factories\QueenMoveFactory.h(82): warning C4114: same type qualifier used more than once
c:\users\xavier\projects\c++\win32\chessv2\libraries\headers\moves\factories\QueenMoveFactory.h(83): warning C4114: same type qualifier used more than once
c:\users\xavier\projects\c++\win32\chessv2\libraries\headers\moves\factories\QueenMoveFactory.h(84): warning C4114: same type qualifier used more than once
c:\users\xavier\projects\c++\win32\chessv2\libraries\headers\moves\factories\QueenMoveFactory.h(85): warning C4114: same type qualifier used more than once
c:\users\xavier\projects\c++\win32\chessv2\libraries\headers\moves\factories\QueenMoveFactory.h(86): warning C4114: same type qualifier used more than once
c:\users\xavier\projects\c++\win32\chessv2\libraries\headers\moves\factories\QueenMoveFactory.h(87): warning C4114: same type qualifier used more than once
c:\users\xavier\projects\c++\win32\chessv2\libraries\headers\moves\factories\QueenMoveFactory.h(88): warning C4114: same type qualifier used more than once
c:\users\xavier\projects\c++\win32\chessv2\libraries\headers\moves\factories\KingMoveFactory.h(24): warning C4114: same type qualifier used more than once
c:\users\xavier\projects\c++\win32\chessv2\chessv2\../Libraries/Headers/Artificial/BruteRecurseArtificial.h(18): warning C4267: 'argument': conversion from 'size_t' to 'int', possible loss of data
c:\users\xavier\projects\c++\win32\chessv2\chessv2\../Libraries/Headers/Artificial/BruteRecurseArtificial.h(60): warning C4267: 'argument': conversion from 'size_t' to 'int', possible loss of data
GameUI.cpp(229): warning C4244: 'argument': conversion from 'float' to 'int', possible loss of data
GameUI.cpp(228): warning C4244: 'argument': conversion from 'float' to 'int', possible loss of data
GameUI.cpp(227): warning C4244: 'argument': conversion from 'float' to 'int', possible loss of data
GameUI.cpp(226): warning C4244: 'argument': conversion from 'float' to 'int', possible loss of data
GameUI.cpp(235): warning C4244: 'argument': conversion from 'float' to 'int', possible loss of data
GameUI.cpp(234): warning C4244: 'argument': conversion from 'float' to 'int', possible loss of data
GameUI.cpp(233): warning C4244: 'argument': conversion from 'float' to 'int', possible loss of data
GameUI.cpp(232): warning C4244: 'argument': conversion from 'float' to 'int', possible loss of data
GameUI.cpp(241): warning C4244: 'argument': conversion from 'float' to 'int', possible loss of data
GameUI.cpp(240): warning C4244: 'argument': conversion from 'float' to 'int', possible loss of data
GameUI.cpp(239): warning C4244: 'argument': conversion from 'float' to 'int', possible loss of data
GameUI.cpp(238): warning C4244: 'argument': conversion from 'float' to 'int', possible loss of data
GameUI.cpp(247): warning C4244: 'argument': conversion from 'float' to 'int', possible loss of data
GameUI.cpp(246): warning C4244: 'argument': conversion from 'float' to 'int', possible loss of data
GameUI.cpp(245): warning C4244: 'argument': conversion from 'float' to 'int', possible loss of data
GameUI.cpp(244): warning C4244: 'argument': conversion from 'float' to 'int', possible loss of data
GameUI.cpp(256): warning C4244: 'argument': conversion from 'float' to 'int', possible loss of data
GameUI.cpp(255): warning C4244: 'argument': conversion from 'float' to 'int', possible loss of data
GameUI.cpp(254): warning C4244: 'argument': conversion from 'float' to 'int', possible loss of data
GameUI.cpp(253): warning C4244: 'argument': conversion from 'float' to 'int', possible loss of data
GameUI.cpp(262): warning C4244: 'argument': conversion from 'float' to 'int', possible loss of data
GameUI.cpp(261): warning C4244: 'argument': conversion from 'float' to 'int', possible loss of data
GameUI.cpp(260): warning C4244: 'argument': conversion from 'float' to 'int', possible loss of data
GameUI.cpp(259): warning C4244: 'argument': conversion from 'float' to 'int', possible loss of data
GameUI.cpp(268): warning C4244: 'argument': conversion from 'float' to 'int', possible loss of data
GameUI.cpp(267): warning C4244: 'argument': conversion from 'float' to 'int', possible loss of data
GameUI.cpp(266): warning C4244: 'argument': conversion from 'float' to 'int', possible loss of data
GameUI.cpp(265): warning C4244: 'argument': conversion from 'float' to 'int', possible loss of data
GameUI.cpp(274): warning C4244: 'argument': conversion from 'float' to 'int', possible loss of data
GameUI.cpp(273): warning C4244: 'argument': conversion from 'float' to 'int', possible loss of data
GameUI.cpp(272): warning C4244: 'argument': conversion from 'float' to 'int', possible loss of data
GameUI.cpp(271): warning C4244: 'argument': conversion from 'float' to 'int', possible loss of data
GameUI.cpp(294): warning C4244: 'argument': conversion from 'short' to 'const unsigned char', possible loss of data
GameUI.cpp(521): warning C4244: 'argument': conversion from 'short' to 'const unsigned char', possible loss of data
GameUI.cpp(523): warning C4244: 'argument': conversion from 'short' to 'const unsigned char', possible loss of data
GameUI.cpp(554): warning C4244: 'argument': conversion from 'short' to 'const unsigned char', possible loss of data
GameUI.cpp(558): warning C4244: 'argument': conversion from 'short' to 'const unsigned char', possible loss of data
GameUI.cpp(606): warning C4244: 'argument': conversion from 'short' to 'const unsigned char', possible loss of data
  Main.cpp
c:\users\xavier\projects\c++\win32\chessv2\libraries\headers\moves\factories\PawnMoveFactory.h(34): warning C4114: same type qualifier used more than once
c:\users\xavier\projects\c++\win32\chessv2\libraries\headers\moves\factories\PawnMoveFactory.h(35): warning C4114: same type qualifier used more than once
c:\users\xavier\projects\c++\win32\chessv2\libraries\headers\moves\factories\RookMoveFactory.h(51): warning C4114: same type qualifier used more than once
c:\users\xavier\projects\c++\win32\chessv2\libraries\headers\moves\factories\RookMoveFactory.h(52): warning C4114: same type qualifier used more than once
c:\users\xavier\projects\c++\win32\chessv2\libraries\headers\moves\factories\RookMoveFactory.h(53): warning C4114: same type qualifier used more than once
c:\users\xavier\projects\c++\win32\chessv2\libraries\headers\moves\factories\RookMoveFactory.h(54): warning C4114: same type qualifier used more than once
c:\users\xavier\projects\c++\win32\chessv2\libraries\headers\moves\factories\BishopMoveFactory.h(51): warning C4114: same type qualifier used more than once
c:\users\xavier\projects\c++\win32\chessv2\libraries\headers\moves\factories\BishopMoveFactory.h(52): warning C4114: same type qualifier used more than once
c:\users\xavier\projects\c++\win32\chessv2\libraries\headers\moves\factories\BishopMoveFactory.h(53): warning C4114: same type qualifier used more than once
c:\users\xavier\projects\c++\win32\chessv2\libraries\headers\moves\factories\BishopMoveFactory.h(54): warning C4114: same type qualifier used more than once
c:\users\xavier\projects\c++\win32\chessv2\libraries\headers\moves\factories\KnightMoveFactory.h(24): warning C4114: same type qualifier used more than once
c:\users\xavier\projects\c++\win32\chessv2\libraries\headers\moves\factories\QueenMoveFactory.h(81): warning C4114: same type qualifier used more than once
c:\users\xavier\projects\c++\win32\chessv2\libraries\headers\moves\factories\QueenMoveFactory.h(82): warning C4114: same type qualifier used more than once
c:\users\xavier\projects\c++\win32\chessv2\libraries\headers\moves\factories\QueenMoveFactory.h(83): warning C4114: same type qualifier used more than once
c:\users\xavier\projects\c++\win32\chessv2\libraries\headers\moves\factories\QueenMoveFactory.h(84): warning C4114: same type qualifier used more than once
c:\users\xavier\projects\c++\win32\chessv2\libraries\headers\moves\factories\QueenMoveFactory.h(85): warning C4114: same type qualifier used more than once
c:\users\xavier\projects\c++\win32\chessv2\libraries\headers\moves\factories\QueenMoveFactory.h(86): warning C4114: same type qualifier used more than once
c:\users\xavier\projects\c++\win32\chessv2\libraries\headers\moves\factories\QueenMoveFactory.h(87): warning C4114: same type qualifier used more than once
c:\users\xavier\projects\c++\win32\chessv2\libraries\headers\moves\factories\QueenMoveFactory.h(88): warning C4114: same type qualifier used more than once
c:\users\xavier\projects\c++\win32\chessv2\libraries\headers\moves\factories\KingMoveFactory.h(24): warning C4114: same type qualifier used more than once
Main.cpp(133): warning C4244: 'return': conversion from 'WPARAM' to 'int', possible loss of data
  Generating code
  18 of 1021 functions ( 1.8%) were compiled, the rest were copied from previous compilation.
    7 functions were new in current compilation
    2 functions had inline decision re-evaluated but remain unchanged
  Finished generating code
  ChessV2.vcxproj -> C:\Users\Xavier\Projects\C++\win32\ChessV2\x64\Release\ChessV2.exe
